[2021-12-09T21:27:19.564325+00:00] logger.WARNING: failed login     (t.glasmacher@aol.com)  [] []
[2021-12-09T21:27:24.189262+00:00] logger.INFO:    user-login       (t.glasmacher@aol.com)  [] []
[2021-12-09T21:27:24.199861+00:00] logger.INFO:    main page access (t.glasmacher@aol.com)  [] []
[2021-12-09T21:27:25.644804+00:00] logger.INFO:    user-logout      (t.glasmacher@aol.com)  [] []
[2021-12-09T21:27:25.652581+00:00] logger.INFO:    main page access (user not logged in)  [] []
[2021-12-09T21:34:01.198060+00:00] logger.INFO:    main page access (user not logged in)  [] []
[2021-12-09T21:34:13.875513+00:00] logger.INFO:    user-login       (brudi@esistvielzuspaetgehins.bett)  [] []
[2021-12-09T21:34:13.886251+00:00] logger.INFO:    main page access (brudi@esistvielzuspaetgehins.bett)  [] []
[2021-12-09T21:34:55.251513+00:00] logger.INFO:    main page access (brudi@esistvielzuspaetgehins.bett)  [] []
[2021-12-09T21:35:01.945448+00:00] logger.INFO:    main page access (brudi@esistvielzuspaetgehins.bett)  [] []
[2021-12-09T21:35:22.697185+00:00] logger.INFO:    user-logout      (brudi@esistvielzuspaetgehins.bett)  [] []
[2021-12-09T21:35:22.704057+00:00] logger.INFO:    main page access (user not logged in)  [] []
[2021-12-10T12:18:12.340604+00:00] logger.INFO:    main page access (user not logged in)  [] []
[2021-12-10T12:18:33.628872+00:00] logger.INFO:    user-login       (t.glasmacher@aol.com)  [] []
[2021-12-10T12:18:33.641049+00:00] logger.INFO:    main page access (t.glasmacher@aol.com)  [] []
[2021-12-10T12:22:31.383960+00:00] logger.INFO:    main page access (t.glasmacher@aol.com)  [] []
[2021-12-10T12:22:32.387275+00:00] logger.INFO:    user-logout      (t.glasmacher@aol.com)  [] []
[2021-12-10T12:22:32.394377+00:00] logger.INFO:    main page access (user not logged in)  [] []
[2021-12-10T12:23:01.330571+00:00] logger.INFO:    user-login       (t.glasmacher@aol.com)  [] []
[2021-12-10T12:23:01.341468+00:00] logger.INFO:    main page access (t.glasmacher@aol.com)  [] []
[2021-12-10T12:57:19.713329+00:00] logger.INFO:    user-logout      (t.glasmacher@aol.com)  [] []
[2021-12-10T12:57:19.756571+00:00] logger.INFO:    main page access (user not logged in)  [] []
[2021-12-10T12:57:23.793143+00:00] logger.INFO:    user-login       (t.glasmacher@aol.com)  [] []
[2021-12-10T12:57:23.805772+00:00] logger.INFO:    main page access (t.glasmacher@aol.com)  [] []
[2021-12-10T13:00:57.858277+00:00] logger.INFO:    user-logout      (t.glasmacher@aol.com)  [] []
[2021-12-10T13:00:57.865745+00:00] logger.INFO:    main page access (user not logged in)  [] []
[2021-12-10T13:01:06.827114+00:00] logger.WARNING: failed login     (t.glasmacher@aol.com)  [] []
[2021-12-11T12:29:44.410024+00:00] logger.INFO:    main page access (user not logged in)  [] []
[2021-12-11T12:30:30.065830+00:00] logger.WARNING: failed login     (t.glasmacher@aol.com)  [] []
[2021-12-11T12:30:36.103436+00:00] logger.WARNING: failed login     (t.glasmacher@aol.com)  [] []
[2021-12-11T12:30:40.033797+00:00] logger.INFO:    user-login       (t.glasmacher@aol.com)  [] []
[2021-12-11T12:30:40.044001+00:00] logger.INFO:    main page access (t.glasmacher@aol.com)  [] []
[2021-12-11T12:30:47.272544+00:00] logger.INFO:    user-logout      (t.glasmacher@aol.com)  [] []
[2021-12-11T12:30:47.280990+00:00] logger.INFO:    main page access (user not logged in)  [] []
[2021-12-12T21:30:21.220077+00:00] logger.INFO:    main page access (user not logged in)  [] []
[2021-12-13T23:35:25.008866+00:00] logger.INFO:    main page access (user not logged in)  [] []
[2021-12-14T09:18:29.847018+00:00] logger.INFO:    main page access (user not logged in)  [] []
[2021-12-14T09:19:01.671771+00:00] logger.WARNING: failed login     (t.glasmacher@aol.com)  [] []
[2021-12-14T09:19:21.484552+00:00] logger.INFO:    user-login       (t.glasmacher@aol.com)  [] []
[2021-12-14T09:19:21.511051+00:00] logger.INFO:    user-login       (t.glasmacher@aol.com)  [] []
[2021-12-14T09:19:21.523932+00:00] logger.INFO:    main page access (t.glasmacher@aol.com)  [] []
[2021-12-14T09:19:29.660044+00:00] logger.INFO:    main page access (t.glasmacher@aol.com)  [] []
[2021-12-14T09:19:30.242387+00:00] logger.INFO:    main page access (t.glasmacher@aol.com)  [] []
[2021-12-14T09:19:36.667264+00:00] logger.INFO:    main page access (t.glasmacher@aol.com)  [] []
[2021-12-14T09:23:58.245891+00:00] logger.INFO:    user-logout      (t.glasmacher@aol.com)  [] []
[2021-12-14T09:23:58.253973+00:00] logger.INFO:    main page access (user not logged in)  [] []
[2021-12-14T09:25:20.711299+00:00] logger.INFO:    main page access (user not logged in)  [] []
[2021-12-14T09:25:40.045779+00:00] logger.INFO:    main page access (user not logged in)  [] []
[2021-12-14T09:33:20.692090+00:00] logger.INFO:    main page access (user not logged in)  [] []
[2021-12-16T23:28:18.317203+00:00] logger.INFO:    main page access (user not logged in)  [] []
[2021-12-16T23:28:40.236351+00:00] logger.INFO:    user-login       (t.glasmacher@aol.com)  [] []
[2021-12-16T23:28:40.248356+00:00] logger.INFO:    main page access (t.glasmacher@aol.com)  [] []
[2021-12-16T23:29:03.951003+00:00] logger.INFO:    main page access (t.glasmacher@aol.com)  [] []
[2021-12-16T23:29:33.612042+00:00] logger.INFO:    main page access (t.glasmacher@aol.com)  [] []
[2021-12-16T23:29:55.910334+00:00] logger.INFO:    user-logout      (t.glasmacher@aol.com)  [] []
[2021-12-16T23:29:55.917439+00:00] logger.INFO:    main page access (user not logged in)  [] []
[2022-01-03T13:07:50.601617+00:00] logger.INFO:    main page access (user not logged in)  [] []
[2022-01-03T13:10:39.222984+00:00] logger.INFO:    main page access (user not logged in)  [] []
[2022-01-03T13:10:59.015257+00:00] logger.INFO:    main page access (user not logged in)  [] []
[2022-01-03T13:10:59.607297+00:00] logger.INFO:    main page access (user not logged in)  [] []
[2022-01-03T13:11:11.624755+00:00] logger.INFO:    main page access (user not logged in)  [] []
[2022-01-03T13:11:12.271956+00:00] logger.INFO:    main page access (user not logged in)  [] []
[2022-01-03T13:11:17.270066+00:00] logger.INFO:    main page access (user not logged in)  [] []
[2022-01-03T13:12:17.486624+00:00] logger.INFO:    main page access (user not logged in)  [] []
[2022-01-03T13:12:26.136957+00:00] logger.INFO:    main page access (user not logged in)  [] []
[2022-01-03T13:12:38.842821+00:00] logger.INFO:    main page access (user not logged in)  [] []
[2022-01-03T13:13:21.732575+00:00] logger.INFO:    main page access (user not logged in)  [] []
[2022-01-03T13:13:28.716883+00:00] logger.INFO:    user-login       (t.glasmacher@aol.com)  [] []
[2022-01-03T13:13:28.730363+00:00] logger.INFO:    main page access (t.glasmacher@aol.com)  [] []
[2022-01-03T13:13:57.040925+00:00] logger.INFO:    main page access (t.glasmacher@aol.com)  [] []
[2022-01-03T13:16:24.133262+00:00] logger.INFO:    main page access (t.glasmacher@aol.com)  [] []
[2022-01-03T13:17:04.561809+00:00] logger.INFO:    main page access (t.glasmacher@aol.com)  [] []
[2022-01-03T13:17:22.275243+00:00] logger.INFO:    main page access (t.glasmacher@aol.com)  [] []
[2022-01-03T13:17:38.154952+00:00] logger.INFO:    main page access (t.glasmacher@aol.com)  [] []
[2022-01-03T13:19:43.421505+00:00] logger.INFO:    main page access (t.glasmacher@aol.com)  [] []
[2022-01-03T13:27:03.017344+00:00] logger.INFO:    main page access (t.glasmacher@aol.com)  [] []
[2022-01-03T13:27:09.856868+00:00] logger.INFO:    main page access (t.glasmacher@aol.com)  [] []
[2022-01-03T13:27:12.116098+00:00] logger.INFO:    main page access (t.glasmacher@aol.com)  [] []
[2022-01-03T13:27:14.964637+00:00] logger.INFO:    main page access (t.glasmacher@aol.com)  [] []
[2022-01-03T13:27:19.956458+00:00] logger.INFO:    main page access (t.glasmacher@aol.com)  [] []
[2022-01-03T13:27:24.638803+00:00] logger.INFO:    main page access (t.glasmacher@aol.com)  [] []
[2022-01-03T13:28:16.610837+00:00] logger.INFO:    main page access (t.glasmacher@aol.com)  [] []
[2022-01-03T13:30:10.137053+00:00] logger.INFO:    main page access (t.glasmacher@aol.com)  [] []
[2022-01-03T13:30:38.388549+00:00] logger.INFO:    main page access (t.glasmacher@aol.com)  [] []
[2022-01-03T13:30:44.347975+00:00] logger.INFO:    main page access (t.glasmacher@aol.com)  [] []
[2022-01-03T13:36:01.379718+00:00] logger.INFO:    main page access (t.glasmacher@aol.com)  [] []
[2022-01-03T13:36:06.245191+00:00] logger.INFO:    main page access (t.glasmacher@aol.com)  [] []
[2022-01-03T13:36:34.195388+00:00] logger.INFO:    main page access (t.glasmacher@aol.com)  [] []
[2022-01-03T13:36:35.751926+00:00] logger.INFO:    main page access (t.glasmacher@aol.com)  [] []
[2022-01-03T13:36:37.223903+00:00] logger.INFO:    main page access (t.glasmacher@aol.com)  [] []
[2022-01-03T13:36:38.433460+00:00] logger.INFO:    main page access (t.glasmacher@aol.com)  [] []
[2022-01-03T13:36:40.044482+00:00] logger.INFO:    main page access (t.glasmacher@aol.com)  [] []
[2022-01-03T13:36:47.507392+00:00] logger.INFO:    main page access (t.glasmacher@aol.com)  [] []
[2022-01-03T13:36:47.592280+00:00] logger.INFO:    main page access (t.glasmacher@aol.com)  [] []
[2022-01-03T13:36:48.639686+00:00] logger.INFO:    main page access (t.glasmacher@aol.com)  [] []
[2022-01-03T13:48:02.127446+00:00] logger.INFO:    main page access (t.glasmacher@aol.com)  [] []
[2022-01-03T13:48:04.863874+00:00] logger.INFO:    main page access (t.glasmacher@aol.com)  [] []
[2022-01-03T13:48:17.612594+00:00] logger.INFO:    user-logout      (t.glasmacher@aol.com)  [] []
[2022-01-03T13:48:17.620522+00:00] logger.INFO:    main page access (user not logged in)  [] []
[2022-01-03T13:48:24.447106+00:00] logger.INFO:    user-login       (t.glasmacher@aol.com)  [] []
[2022-01-03T13:48:24.462480+00:00] logger.INFO:    main page access (t.glasmacher@aol.com)  [] []
[2022-01-03T13:48:30.249757+00:00] logger.INFO:    main page access (t.glasmacher@aol.com)  [] []
[2022-01-03T13:48:56.227195+00:00] logger.INFO:    main page access (t.glasmacher@aol.com)  [] []
[2022-01-03T13:48:58.935218+00:00] logger.INFO:    main page access (t.glasmacher@aol.com)  [] []
[2022-01-03T13:49:00.172297+00:00] logger.INFO:    main page access (t.glasmacher@aol.com)  [] []
[2022-01-03T13:49:16.411789+00:00] logger.INFO:    main page access (t.glasmacher@aol.com)  [] []
[2022-01-03T13:49:18.463569+00:00] logger.INFO:    main page access (t.glasmacher@aol.com)  [] []
[2022-01-03T13:50:12.927593+00:00] logger.INFO:    main page access (t.glasmacher@aol.com)  [] []
[2022-01-03T13:50:20.335279+00:00] logger.INFO:    main page access (t.glasmacher@aol.com)  [] []
[2022-01-03T13:50:21.457996+00:00] logger.INFO:    main page access (t.glasmacher@aol.com)  [] []
[2022-01-03T13:50:27.217557+00:00] logger.INFO:    main page access (t.glasmacher@aol.com)  [] []
[2022-01-03T13:51:45.821271+00:00] logger.INFO:    main page access (t.glasmacher@aol.com)  [] []
[2022-01-03T13:51:46.410632+00:00] logger.INFO:    main page access (t.glasmacher@aol.com)  [] []
[2022-01-03T13:51:57.343290+00:00] logger.INFO:    main page access (t.glasmacher@aol.com)  [] []
[2022-01-03T13:52:08.068815+00:00] logger.INFO:    user-logout      (t.glasmacher@aol.com)  [] []
[2022-01-03T13:52:08.077648+00:00] logger.INFO:    main page access (user not logged in)  [] []
[2022-01-03T13:52:17.307985+00:00] logger.INFO:    user-login       (t.glasmacher@aol.com)  [] []
[2022-01-03T13:52:17.320959+00:00] logger.INFO:    main page access (t.glasmacher@aol.com)  [] []
[2022-01-03T14:03:39.039841+00:00] logger.INFO:    main page access (t.glasmacher@aol.com)  [] []
[2022-01-03T14:04:01.318784+00:00] logger.INFO:    main page access (t.glasmacher@aol.com)  [] []
[2022-01-03T14:04:07.113528+00:00] logger.INFO:    main page access (t.glasmacher@aol.com)  [] []
[2022-01-03T14:04:08.173382+00:00] logger.INFO:    main page access (t.glasmacher@aol.com)  [] []
[2022-01-03T14:04:17.192015+00:00] logger.INFO:    main page access (t.glasmacher@aol.com)  [] []
[2022-01-03T14:10:11.992362+00:00] logger.INFO:    main page access (t.glasmacher@aol.com)  [] []
[2022-01-03T15:03:33.803032+00:00] logger.INFO:    main page access (t.glasmacher@aol.com)  [] []
[2022-01-03T15:03:44.832327+00:00] logger.INFO:    main page access (t.glasmacher@aol.com)  [] []
[2022-01-03T15:55:41.130269+00:00] logger.INFO:    main page access (t.glasmacher@aol.com)  [] []
[2022-01-03T15:57:25.829455+00:00] logger.INFO:    user-logout      (t.glasmacher@aol.com)  [] []
[2022-01-03T15:57:25.837579+00:00] logger.INFO:    main page access (user not logged in)  [] []
[2022-01-03T15:57:28.089581+00:00] logger.INFO:    user-login       (t.glasmacher@aol.com)  [] []
[2022-01-03T15:57:28.099999+00:00] logger.INFO:    main page access (t.glasmacher@aol.com)  [] []
[2022-01-03T16:18:34.401089+00:00] logger.INFO:    user-logout      (t.glasmacher@aol.com)  [] []
[2022-01-03T16:18:34.409377+00:00] logger.INFO:    main page access (user not logged in)  [] []
[2022-01-03T16:18:36.315919+00:00] logger.INFO:    user-login       (t.glasmacher@aol.com)  [] []
[2022-01-03T16:18:36.327114+00:00] logger.INFO:    main page access (t.glasmacher@aol.com)  [] []
[2022-01-03T16:24:24.199985+00:00] logger.INFO:    main page access (t.glasmacher@aol.com)  [] []
[2022-01-03T16:39:10.518675+00:00] logger.INFO:    user-logout      (t.glasmacher@aol.com)  [] []
[2022-01-03T16:39:10.526389+00:00] logger.INFO:    main page access (user not logged in)  [] []
[2022-01-03T16:39:12.444272+00:00] logger.INFO:    user-login       (t.glasmacher@aol.com)  [] []
[2022-01-03T16:39:12.455470+00:00] logger.INFO:    main page access (t.glasmacher@aol.com)  [] []
[2022-01-03T16:41:18.839097+00:00] logger.INFO:    main page access (t.glasmacher@aol.com)  [] []
[2022-01-03T16:41:30.788049+00:00] logger.INFO:    main page access (t.glasmacher@aol.com)  [] []
[2022-01-03T17:22:53.556509+00:00] logger.INFO:    user-logout      (t.glasmacher@aol.com)  [] []
[2022-01-03T17:22:53.564747+00:00] logger.INFO:    main page access (user not logged in)  [] []
[2022-01-03T17:22:55.965833+00:00] logger.INFO:    user-login       (t.glasmacher@aol.com)  [] []
[2022-01-03T17:22:55.976444+00:00] logger.INFO:    main page access (t.glasmacher@aol.com)  [] []
[2022-01-03T17:31:03.591949+00:00] logger.INFO:    main page access (t.glasmacher@aol.com)  [] []
[2022-01-04T08:27:33.318504+00:00] logger.INFO:    main page access (t.glasmacher@aol.com)  [] []
[2022-01-04T08:27:41.230388+00:00] logger.INFO:    main page access (t.glasmacher@aol.com)  [] []
[2022-01-04T08:27:42.613793+00:00] logger.INFO:    user-logout      (t.glasmacher@aol.com)  [] []
[2022-01-04T08:27:42.621228+00:00] logger.INFO:    main page access (user not logged in)  [] []
[2022-01-04T08:27:51.374784+00:00] logger.INFO:    user-login       (t.glasmacher@aol.com)  [] []
[2022-01-04T08:27:51.385415+00:00] logger.INFO:    main page access (t.glasmacher@aol.com)  [] []
[2022-01-04T08:28:11.234086+00:00] logger.INFO:    main page access (t.glasmacher@aol.com)  [] []
[2022-01-04T10:49:12.774767+00:00] logger.INFO:    main page access (t.glasmacher@aol.com)  [] []
[2022-01-04T11:20:16.960695+00:00] logger.INFO:    user-logout      (t.glasmacher@aol.com)  [] []
[2022-01-04T11:20:16.968297+00:00] logger.INFO:    main page access (user not logged in)  [] []
[2022-01-04T11:20:25.942032+00:00] logger.INFO:    user-login       (t.glasmacher@aol.com)  [] []
[2022-01-04T11:20:25.952630+00:00] logger.INFO:    main page access (t.glasmacher@aol.com)  [] []
[2022-01-04T13:18:11.548885+00:00] logger.INFO:    main page access (t.glasmacher@aol.com)  [] []
[2022-01-04T13:18:23.964294+00:00] logger.INFO:    main page access (t.glasmacher@aol.com)  [] []
[2022-01-04T13:21:26.731447+00:00] logger.INFO:    main page access (t.glasmacher@aol.com)  [] []
[2022-01-04T13:27:02.921343+00:00] logger.INFO:    main page access (t.glasmacher@aol.com)  [] []
[2022-01-04T13:29:21.829369+00:00] logger.INFO:    main page access (t.glasmacher@aol.com)  [] []
[2022-01-04T13:29:34.992135+00:00] logger.INFO:    main page access (t.glasmacher@aol.com)  [] []
[2022-01-04T13:32:16.697943+00:00] logger.INFO:    main page access (t.glasmacher@aol.com)  [] []
[2022-01-04T13:32:45.313826+00:00] logger.INFO:    main page access (t.glasmacher@aol.com)  [] []
[2022-01-04T13:35:00.892083+00:00] logger.INFO:    main page access (t.glasmacher@aol.com)  [] []
[2022-01-04T13:35:40.449143+00:00] logger.INFO:    main page access (t.glasmacher@aol.com)  [] []
[2022-01-04T13:36:18.412304+00:00] logger.INFO:    main page access (t.glasmacher@aol.com)  [] []
[2022-01-04T13:36:25.697153+00:00] logger.INFO:    main page access (t.glasmacher@aol.com)  [] []
[2022-01-04T13:36:31.730132+00:00] logger.INFO:    main page access (t.glasmacher@aol.com)  [] []
[2022-01-04T13:37:39.098011+00:00] logger.INFO:    main page access (t.glasmacher@aol.com)  [] []
[2022-01-04T13:38:23.042403+00:00] logger.INFO:    user-logout      (t.glasmacher@aol.com)  [] []
[2022-01-04T13:38:23.063016+00:00] logger.INFO:    main page access (user not logged in)  [] []
[2022-01-04T13:40:15.231620+00:00] logger.INFO:    main page access (user not logged in)  [] []
[2022-01-04T13:40:36.650482+00:00] logger.INFO:    main page access (user not logged in)  [] []
[2022-01-04T13:40:51.941741+00:00] logger.INFO:    user-login       (t.glasmacher@aol.com)  [] []
[2022-01-04T13:40:51.968787+00:00] logger.INFO:    main page access (t.glasmacher@aol.com)  [] []
[2022-01-04T13:43:46.566082+00:00] logger.INFO:    main page access (t.glasmacher@aol.com)  [] []
[2022-01-04T13:45:39.410728+00:00] logger.INFO:    main page access (t.glasmacher@aol.com)  [] []
[2022-01-04T13:47:54.033266+00:00] logger.INFO:    main page access (t.glasmacher@aol.com)  [] []
[2022-01-04T13:50:45.121561+00:00] logger.INFO:    main page access (t.glasmacher@aol.com)  [] []
[2022-01-04T13:54:30.746590+00:00] logger.INFO:    main page access (t.glasmacher@aol.com)  [] []
[2022-01-04T13:54:40.669673+00:00] logger.INFO:    main page access (t.glasmacher@aol.com)  [] []
[2022-01-04T13:55:42.138792+00:00] logger.INFO:    main page access (t.glasmacher@aol.com)  [] []
[2022-01-04T13:55:47.291180+00:00] logger.INFO:    main page access (t.glasmacher@aol.com)  [] []
[2022-01-04T13:56:08.402767+00:00] logger.INFO:    main page access (t.glasmacher@aol.com)  [] []
[2022-01-04T13:56:12.168763+00:00] logger.INFO:    main page access (t.glasmacher@aol.com)  [] []
[2022-01-04T13:56:58.340970+00:00] logger.INFO:    main page access (t.glasmacher@aol.com)  [] []
[2022-01-04T13:57:47.934219+00:00] logger.INFO:    main page access (t.glasmacher@aol.com)  [] []
[2022-01-04T13:58:16.798025+00:00] logger.INFO:    main page access (t.glasmacher@aol.com)  [] []
[2022-01-04T13:58:38.666299+00:00] logger.INFO:    main page access (t.glasmacher@aol.com)  [] []
[2022-01-04T14:23:51.090139+00:00] logger.INFO:    main page access (t.glasmacher@aol.com)  [] []
[2022-01-04T14:24:22.253439+00:00] logger.INFO:    main page access (t.glasmacher@aol.com)  [] []
[2022-01-04T14:24:22.941840+00:00] logger.INFO:    main page access (t.glasmacher@aol.com)  [] []
[2022-01-04T14:24:23.435627+00:00] logger.INFO:    main page access (t.glasmacher@aol.com)  [] []
[2022-01-04T14:24:23.870580+00:00] logger.INFO:    main page access (t.glasmacher@aol.com)  [] []
[2022-01-04T14:24:24.247370+00:00] logger.INFO:    main page access (t.glasmacher@aol.com)  [] []
[2022-01-04T14:32:10.309257+00:00] logger.INFO:    main page access (t.glasmacher@aol.com)  [] []
[2022-01-05T18:23:33.348132+00:00] logger.INFO:    main page access (user not logged in)  [] []
[2022-01-05T18:25:47.859847+00:00] logger.INFO:    user-login       (t.glasmacher@aol.com)  [] []
[2022-01-05T18:25:47.899051+00:00] logger.INFO:    main page access (t.glasmacher@aol.com)  [] []
[2022-01-05T18:26:01.313872+00:00] logger.INFO:    main page access (t.glasmacher@aol.com)  [] []
[2022-01-05T18:26:35.573570+00:00] logger.INFO:    main page access (t.glasmacher@aol.com)  [] []
[2022-01-05T18:27:41.976243+00:00] logger.INFO:    main page access (t.glasmacher@aol.com)  [] []
[2022-01-05T18:27:47.419170+00:00] logger.INFO:    main page access (t.glasmacher@aol.com)  [] []
[2022-01-05T18:28:04.698507+00:00] logger.INFO:    main page access (t.glasmacher@aol.com)  [] []
[2022-01-05T18:28:14.725449+00:00] logger.INFO:    main page access (t.glasmacher@aol.com)  [] []
[2022-01-05T18:28:19.742303+00:00] logger.INFO:    user-logout      (t.glasmacher@aol.com)  [] []
[2022-01-05T18:28:19.784562+00:00] logger.INFO:    main page access (user not logged in)  [] []
[2022-01-05T18:29:11.904548+00:00] logger.INFO:    user-login       (brudi@esistvielzuspaetgehins.bett)  [] []
[2022-01-05T18:29:11.923459+00:00] logger.INFO:    main page access (brudi@esistvielzuspaetgehins.bett)  [] []
[2022-01-05T18:31:24.999188+00:00] logger.INFO:    main page access (brudi@esistvielzuspaetgehins.bett)  [] []
[2022-01-05T18:31:49.418433+00:00] logger.INFO:    main page access (brudi@esistvielzuspaetgehins.bett)  [] []
[2022-01-05T18:31:53.891307+00:00] logger.INFO:    main page access (brudi@esistvielzuspaetgehins.bett)  [] []
[2022-01-05T18:33:39.318347+00:00] logger.INFO:    main page access (brudi@esistvielzuspaetgehins.bett)  [] []
[2022-01-05T18:33:53.803038+00:00] logger.INFO:    main page access (brudi@esistvielzuspaetgehins.bett)  [] []
[2022-01-05T18:34:21.348731+00:00] logger.INFO:    main page access (brudi@esistvielzuspaetgehins.bett)  [] []
[2022-01-05T18:34:44.262948+00:00] logger.INFO:    main page access (brudi@esistvielzuspaetgehins.bett)  [] []
[2022-01-05T18:35:22.154417+00:00] logger.INFO:    main page access (brudi@esistvielzuspaetgehins.bett)  [] []
[2022-01-05T18:35:56.533426+00:00] logger.INFO:    main page access (brudi@esistvielzuspaetgehins.bett)  [] []
[2022-01-05T18:37:52.974473+00:00] logger.INFO:    main page access (brudi@esistvielzuspaetgehins.bett)  [] []
[2022-01-05T18:40:37.482366+00:00] logger.INFO:    user-logout      (brudi@esistvielzuspaetgehins.bett)  [] []
[2022-01-05T18:40:37.495811+00:00] logger.INFO:    main page access (user not logged in)  [] []
[2022-01-05T18:40:46.070454+00:00] logger.INFO:    user-login       (t.glasmacher@aol.com)  [] []
[2022-01-05T18:40:46.099739+00:00] logger.INFO:    main page access (t.glasmacher@aol.com)  [] []
[2022-01-05T20:20:07.403879+00:00] logger.INFO:    main page access (t.glasmacher@aol.com)  [] []
[2022-01-05T20:20:30.973372+00:00] logger.INFO:    main page access (t.glasmacher@aol.com)  [] []
[2022-01-05T20:24:11.955981+00:00] logger.INFO:    main page access (t.glasmacher@aol.com)  [] []
[2022-01-05T20:24:17.181610+00:00] logger.INFO:    user-logout      (t.glasmacher@aol.com)  [] []
[2022-01-05T20:24:17.195621+00:00] logger.INFO:    main page access (user not logged in)  [] []
[2022-01-05T20:24:21.854864+00:00] logger.INFO:    main page access (user not logged in)  [] []
[2022-01-05T20:24:24.145500+00:00] logger.INFO:    user-login       (t.glasmacher@aol.com)  [] []
[2022-01-05T20:24:24.159473+00:00] logger.INFO:    main page access (t.glasmacher@aol.com)  [] []
[2022-01-05T20:32:51.836896+00:00] logger.INFO:    main page access (t.glasmacher@aol.com)  [] []
[2022-01-05T20:32:52.727278+00:00] logger.INFO:    main page access (t.glasmacher@aol.com)  [] []
[2022-01-05T20:32:53.249648+00:00] logger.INFO:    main page access (t.glasmacher@aol.com)  [] []
[2022-01-05T20:32:53.631265+00:00] logger.INFO:    main page access (t.glasmacher@aol.com)  [] []
[2022-01-05T20:32:53.843960+00:00] logger.INFO:    main page access (t.glasmacher@aol.com)  [] []
[2022-01-05T20:32:54.135721+00:00] logger.INFO:    main page access (t.glasmacher@aol.com)  [] []
[2022-01-05T20:32:54.539955+00:00] logger.INFO:    main page access (t.glasmacher@aol.com)  [] []
[2022-01-05T20:32:54.833431+00:00] logger.INFO:    main page access (t.glasmacher@aol.com)  [] []
[2022-01-05T20:32:55.173235+00:00] logger.INFO:    main page access (t.glasmacher@aol.com)  [] []
[2022-01-05T20:32:55.560107+00:00] logger.INFO:    main page access (t.glasmacher@aol.com)  [] []
[2022-01-05T20:32:56.032780+00:00] logger.INFO:    main page access (t.glasmacher@aol.com)  [] []
[2022-01-05T20:33:00.932353+00:00] logger.INFO:    main page access (t.glasmacher@aol.com)  [] []
[2022-01-05T20:33:01.321635+00:00] logger.INFO:    main page access (t.glasmacher@aol.com)  [] []
[2022-01-05T20:33:02.574159+00:00] logger.INFO:    user-logout      (t.glasmacher@aol.com)  [] []
[2022-01-05T20:33:02.588768+00:00] logger.INFO:    main page access (user not logged in)  [] []
[2022-01-05T20:33:03.909764+00:00] logger.INFO:    main page access (user not logged in)  [] []
[2022-01-05T20:33:05.444279+00:00] logger.INFO:    user-login       (t.glasmacher@aol.com)  [] []
[2022-01-05T20:33:05.483326+00:00] logger.INFO:    main page access (t.glasmacher@aol.com)  [] []
[2022-01-10T13:22:12.638460+00:00] logger.INFO:    main page access (t.glasmacher@aol.com)  [] []
[2022-01-10T13:28:43.491642+00:00] logger.INFO:    main page access (t.glasmacher@aol.com)  [] []
[2022-01-11T10:04:02.494951+00:00] logger.INFO:    main page access (t.glasmacher@aol.com)  [] []
[2022-01-11T12:25:57.007831+00:00] logger.INFO:    main page access (t.glasmacher@aol.com)  [] []
[2022-01-11T12:43:17.532831+00:00] logger.INFO:    main page access (t.glasmacher@aol.com)  [] []
[2022-01-11T12:43:22.591953+00:00] logger.INFO:    main page access (t.glasmacher@aol.com)  [] []
[2022-01-11T12:43:28.677141+00:00] logger.INFO:    main page access (t.glasmacher@aol.com)  [] []
[2022-01-11T12:43:33.959930+00:00] logger.INFO:    main page access (t.glasmacher@aol.com)  [] []
[2022-01-11T13:15:54.082272+00:00] logger.INFO:    main page access (t.glasmacher@aol.com)  [] []
[2022-01-11T13:16:09.572332+00:00] logger.INFO:    main page access (t.glasmacher@aol.com)  [] []
[2022-01-11T13:18:13.366967+00:00] logger.INFO:    main page access (t.glasmacher@aol.com)  [] []
[2022-01-11T13:19:08.103209+00:00] logger.INFO:    main page access (t.glasmacher@aol.com)  [] []
[2022-01-11T13:19:20.869606+00:00] logger.INFO:    main page access (t.glasmacher@aol.com)  [] []
[2022-01-11T13:22:05.877262+00:00] logger.INFO:    user-logout      (t.glasmacher@aol.com)  [] []
[2022-01-11T13:22:05.894502+00:00] logger.INFO:    main page access (user not logged in)  [] []
[2022-01-11T13:22:08.739171+00:00] logger.INFO:    user-login       (t.glasmacher@aol.com)  [] []
[2022-01-11T13:22:08.759605+00:00] logger.INFO:    main page access (t.glasmacher@aol.com)  [] []
[2022-01-11T13:22:10.049527+00:00] logger.INFO:    user-logout      (t.glasmacher@aol.com)  [] []
[2022-01-11T13:22:10.066247+00:00] logger.INFO:    main page access (user not logged in)  [] []
[2022-01-11T13:27:04.985809+00:00] logger.INFO:    main page access (user not logged in)  [] []
[2022-01-11T13:36:06.324888+00:00] logger.INFO:    user-login       (t.glasmacher@aol.com)  [] []
[2022-01-11T13:36:06.369522+00:00] logger.INFO:    main page access (t.glasmacher@aol.com)  [] []
[2022-01-11T13:36:08.159704+00:00] logger.INFO:    user-logout      (t.glasmacher@aol.com)  [] []
[2022-01-11T13:36:08.197249+00:00] logger.INFO:    main page access (user not logged in)  [] []
[2022-01-11T13:36:10.266725+00:00] logger.INFO:    user-login       (t.glasmacher@aol.com)  [] []
[2022-01-11T13:36:10.311497+00:00] logger.INFO:    main page access (t.glasmacher@aol.com)  [] []
[2022-01-11T13:36:20.031270+00:00] logger.INFO:    main page access (t.glasmacher@aol.com)  [] []
[2022-01-11T13:36:28.376338+00:00] logger.INFO:    main page access (t.glasmacher@aol.com)  [] []
[2022-01-11T13:36:30.685329+00:00] logger.INFO:    main page access (t.glasmacher@aol.com)  [] []
[2022-01-11T13:36:37.844634+00:00] logger.INFO:    main page access (t.glasmacher@aol.com)  [] []
[2022-01-11T13:37:04.196984+00:00] logger.INFO:    main page access (t.glasmacher@aol.com)  [] []
[2022-01-11T13:37:13.146056+00:00] logger.INFO:    main page access (t.glasmacher@aol.com)  [] []
[2022-01-11T13:50:44.966771+00:00] logger.INFO:    main page access (t.glasmacher@aol.com)  [] []
[2022-01-11T13:50:54.489451+00:00] logger.INFO:    main page access (t.glasmacher@aol.com)  [] []
[2022-01-11T13:54:50.583516+00:00] logger.INFO:    main page access (t.glasmacher@aol.com)  [] []
[2022-01-11T13:54:53.170321+00:00] logger.INFO:    main page access (t.glasmacher@aol.com)  [] []
[2022-01-11T13:54:53.713421+00:00] logger.INFO:    main page access (t.glasmacher@aol.com)  [] []
[2022-01-11T13:54:53.958116+00:00] logger.INFO:    main page access (t.glasmacher@aol.com)  [] []
[2022-01-11T13:54:54.158106+00:00] logger.INFO:    main page access (t.glasmacher@aol.com)  [] []
[2022-01-11T13:54:54.702204+00:00] logger.INFO:    main page access (t.glasmacher@aol.com)  [] []
[2022-01-11T13:54:56.054564+00:00] logger.INFO:    main page access (t.glasmacher@aol.com)  [] []
[2022-01-11T13:55:20.246308+00:00] logger.INFO:    main page access (t.glasmacher@aol.com)  [] []
[2022-01-11T13:55:20.838696+00:00] logger.INFO:    main page access (t.glasmacher@aol.com)  [] []
[2022-01-11T13:55:21.335911+00:00] logger.INFO:    main page access (t.glasmacher@aol.com)  [] []
[2022-01-11T13:55:21.547528+00:00] logger.INFO:    main page access (t.glasmacher@aol.com)  [] []
[2022-01-11T13:55:24.417300+00:00] logger.INFO:    main page access (t.glasmacher@aol.com)  [] []
[2022-01-11T13:55:24.962286+00:00] logger.INFO:    main page access (t.glasmacher@aol.com)  [] []
[2022-01-11T13:55:26.127987+00:00] logger.INFO:    main page access (t.glasmacher@aol.com)  [] []
[2022-01-11T13:55:26.861736+00:00] logger.INFO:    main page access (t.glasmacher@aol.com)  [] []
[2022-01-11T13:56:28.809429+00:00] logger.INFO:    main page access (t.glasmacher@aol.com)  [] []
[2022-01-11T13:56:29.417103+00:00] logger.INFO:    main page access (t.glasmacher@aol.com)  [] []
[2022-01-11T13:56:37.468114+00:00] logger.INFO:    main page access (t.glasmacher@aol.com)  [] []
[2022-01-11T13:57:30.952234+00:00] logger.INFO:    main page access (t.glasmacher@aol.com)  [] []
[2022-01-11T13:57:31.796541+00:00] logger.INFO:    main page access (t.glasmacher@aol.com)  [] []
[2022-01-11T13:57:33.402168+00:00] logger.INFO:    main page access (t.glasmacher@aol.com)  [] []
[2022-01-11T13:57:45.841564+00:00] logger.INFO:    main page access (t.glasmacher@aol.com)  [] []
[2022-01-11T13:57:50.863802+00:00] logger.INFO:    main page access (t.glasmacher@aol.com)  [] []
[2022-01-11T14:01:59.439579+00:00] logger.INFO:    main page access (t.glasmacher@aol.com)  [] []
[2022-01-11T14:04:40.920190+00:00] logger.INFO:    main page access (t.glasmacher@aol.com)  [] []
[2022-01-11T15:05:13.595709+00:00] logger.INFO:    main page access (t.glasmacher@aol.com)  [] []
[2022-01-11T17:40:02.747033+00:00] logger.INFO:    main page access (t.glasmacher@aol.com)  [] []
[2022-01-11T21:48:01.169695+00:00] logger.INFO:    main page access (t.glasmacher@aol.com)  [] []
[2022-01-11T21:48:25.047545+00:00] logger.INFO:    main page access (t.glasmacher@aol.com)  [] []
[2022-01-11T22:42:00.393466+00:00] logger.INFO:    main page access (t.glasmacher@aol.com)  [] []
[2022-01-11T22:42:56.119004+00:00] logger.INFO:    main page access (t.glasmacher@aol.com)  [] []
[2022-01-11T22:44:34.160130+00:00] logger.INFO:    main page access (t.glasmacher@aol.com)  [] []
[2022-01-11T22:44:34.820933+00:00] logger.INFO:    main page access (t.glasmacher@aol.com)  [] []
[2022-01-11T22:44:35.325147+00:00] logger.INFO:    main page access (t.glasmacher@aol.com)  [] []
[2022-01-11T22:45:23.198219+00:00] logger.INFO:    main page access (t.glasmacher@aol.com)  [] []
[2022-01-11T22:53:29.970381+00:00] logger.INFO:    main page access (t.glasmacher@aol.com)  [] []
[2022-01-11T22:56:41.694347+00:00] logger.INFO:    main page access (t.glasmacher@aol.com)  [] []
[2022-01-11T22:57:53.131260+00:00] logger.INFO:    main page access (t.glasmacher@aol.com)  [] []
[2022-01-11T22:57:53.771498+00:00] logger.INFO:    main page access (t.glasmacher@aol.com)  [] []
[2022-01-11T22:57:54.170449+00:00] logger.INFO:    main page access (t.glasmacher@aol.com)  [] []
[2022-01-11T22:57:54.479282+00:00] logger.INFO:    main page access (t.glasmacher@aol.com)  [] []
[2022-01-11T23:21:41.125839+00:00] logger.INFO:    main page access (t.glasmacher@aol.com)  [] []
[2022-01-11T23:21:55.684436+00:00] logger.INFO:    main page access (t.glasmacher@aol.com)  [] []
[2022-01-12T01:35:50.932818+00:00] logger.INFO:    main page access (t.glasmacher@aol.com)  [] []
[2022-01-12T01:36:10.407921+00:00] logger.INFO:    main page access (t.glasmacher@aol.com)  [] []
[2022-01-12T01:36:20.957090+00:00] logger.INFO:    main page access (t.glasmacher@aol.com)  [] []
[2022-01-12T01:38:05.832547+00:00] logger.INFO:    main page access (t.glasmacher@aol.com)  [] []
[2022-01-12T01:38:48.437600+00:00] logger.INFO:    main page access (t.glasmacher@aol.com)  [] []
[2022-01-12T01:39:22.158307+00:00] logger.INFO:    main page access (t.glasmacher@aol.com)  [] []
[2022-01-12T01:39:30.267147+00:00] logger.INFO:    main page access (t.glasmacher@aol.com)  [] []
[2022-01-12T01:40:18.271848+00:00] logger.INFO:    main page access (t.glasmacher@aol.com)  [] []
[2022-01-14T19:18:37.318791+00:00] logger.INFO:    main page access (t.glasmacher@aol.com)  [] []
[2022-01-14T19:18:50.109202+00:00] logger.INFO:    main page access (t.glasmacher@aol.com)  [] []
[2022-01-14T19:22:33.403202+00:00] logger.INFO:    main page access (t.glasmacher@aol.com)  [] []
[2022-01-14T20:01:50.864910+00:00] logger.INFO:    main page access (t.glasmacher@aol.com)  [] []
[2022-01-14T20:02:26.599024+00:00] logger.INFO:    main page access (t.glasmacher@aol.com)  [] []
[2022-01-14T20:02:28.275222+00:00] logger.INFO:    main page access (t.glasmacher@aol.com)  [] []
[2022-01-14T21:09:22.837394+00:00] logger.INFO:    main page access (t.glasmacher@aol.com)  [] []
[2022-01-14T21:11:38.604529+00:00] logger.INFO:    main page access (t.glasmacher@aol.com)  [] []
[2022-01-14T21:11:47.077634+00:00] logger.INFO:    main page access (t.glasmacher@aol.com)  [] []
[2022-01-14T21:11:54.511161+00:00] logger.INFO:    main page access (t.glasmacher@aol.com)  [] []
[2022-01-14T21:11:59.961545+00:00] logger.INFO:    main page access (t.glasmacher@aol.com)  [] []
[2022-01-15T22:09:41.732534+00:00] logger.INFO:    main page access (t.glasmacher@aol.com)  [] []
[2022-01-15T22:09:54.399890+00:00] logger.INFO:    user-logout      (t.glasmacher@aol.com)  [] []
[2022-01-15T22:09:54.453029+00:00] logger.INFO:    main page access (user not logged in)  [] []
[2022-01-15T22:09:58.444918+00:00] logger.INFO:    user-login       (t.glasmacher@aol.com)  [] []
[2022-01-15T22:09:58.479074+00:00] logger.INFO:    main page access (t.glasmacher@aol.com)  [] []
[2022-01-15T22:10:18.780063+00:00] logger.INFO:    main page access (t.glasmacher@aol.com)  [] []
[2022-01-15T22:19:36.097893+00:00] logger.INFO:    main page access (t.glasmacher@aol.com)  [] []
[2022-01-15T22:20:00.498134+00:00] logger.INFO:    main page access (t.glasmacher@aol.com)  [] []
[2022-01-15T22:20:37.491867+00:00] logger.INFO:    main page access (t.glasmacher@aol.com)  [] []
[2022-01-15T22:20:45.209970+00:00] logger.INFO:    main page access (t.glasmacher@aol.com)  [] []
[2022-01-15T22:21:39.112791+00:00] logger.INFO:    main page access (t.glasmacher@aol.com)  [] []
[2022-01-15T22:22:07.588136+00:00] logger.INFO:    main page access (t.glasmacher@aol.com)  [] []
[2022-01-15T22:26:48.905846+00:00] logger.INFO:    main page access (t.glasmacher@aol.com)  [] []
[2022-01-15T22:26:53.403631+00:00] logger.INFO:    main page access (t.glasmacher@aol.com)  [] []
[2022-01-15T22:33:04.218989+00:00] logger.INFO:    main page access (t.glasmacher@aol.com)  [] []
[2022-01-15T22:33:20.993870+00:00] logger.INFO:    main page access (t.glasmacher@aol.com)  [] []
[2022-01-15T22:33:31.851750+00:00] logger.INFO:    main page access (t.glasmacher@aol.com)  [] []
[2022-01-15T22:34:58.055274+00:00] logger.INFO:    main page access (t.glasmacher@aol.com)  [] []
[2022-01-15T22:35:34.994323+00:00] logger.INFO:    main page access (t.glasmacher@aol.com)  [] []
[2022-01-15T22:35:55.600837+00:00] logger.INFO:    main page access (t.glasmacher@aol.com)  [] []
[2022-01-15T22:40:49.198429+00:00] logger.INFO:    main page access (t.glasmacher@aol.com)  [] []
[2022-01-15T22:40:56.609558+00:00] logger.INFO:    main page access (t.glasmacher@aol.com)  [] []
[2022-01-15T22:40:57.351729+00:00] logger.INFO:    main page access (t.glasmacher@aol.com)  [] []
[2022-01-15T22:40:57.621901+00:00] logger.INFO:    main page access (t.glasmacher@aol.com)  [] []
[2022-01-15T22:40:57.889395+00:00] logger.INFO:    main page access (t.glasmacher@aol.com)  [] []
[2022-01-15T22:40:58.123050+00:00] logger.INFO:    main page access (t.glasmacher@aol.com)  [] []
[2022-01-15T22:40:58.524324+00:00] logger.INFO:    main page access (t.glasmacher@aol.com)  [] []
[2022-01-16T14:42:10.050017+00:00] logger.INFO:    main page access (t.glasmacher@aol.com)  [] []
[2022-01-16T14:42:44.027417+00:00] logger.INFO:    main page access (t.glasmacher@aol.com)  [] []
[2022-01-16T20:05:20.857479+00:00] logger.INFO:    main page access (user not logged in)  [] []
[2022-01-16T20:06:08.257227+00:00] logger.INFO:    user-login       (t.glasmacher@aol.com)  [] []
[2022-01-16T20:06:08.314580+00:00] logger.INFO:    main page access (t.glasmacher@aol.com)  [] []
[2022-01-16T20:06:30.874482+00:00] logger.INFO:    main page access (t.glasmacher@aol.com)  [] []
[2022-01-16T20:06:54.338622+00:00] logger.INFO:    main page access (t.glasmacher@aol.com)  [] []
[2022-01-16T20:07:05.228689+00:00] logger.INFO:    main page access (t.glasmacher@aol.com)  [] []
[2022-01-16T20:07:25.538081+00:00] logger.INFO:    main page access (t.glasmacher@aol.com)  [] []
[2022-01-16T20:09:13.668735+00:00] logger.INFO:    main page access (t.glasmacher@aol.com)  [] []
[2022-01-18T01:32:34.787054+00:00] logger.INFO:    main page access (t.glasmacher@aol.com)  [] []
[2022-01-18T01:35:30.049918+00:00] logger.INFO:    main page access (t.glasmacher@aol.com)  [] []
[2022-01-18T01:37:38.259388+00:00] logger.INFO:    main page access (t.glasmacher@aol.com)  [] []
[2022-01-18T01:37:44.868492+00:00] logger.INFO:    main page access (t.glasmacher@aol.com)  [] []
[2022-01-18T01:37:55.427293+00:00] logger.INFO:    main page access (t.glasmacher@aol.com)  [] []
[2022-01-18T01:38:29.321081+00:00] logger.INFO:    main page access (t.glasmacher@aol.com)  [] []
[2022-01-18T01:39:26.573868+00:00] logger.INFO:    main page access (t.glasmacher@aol.com)  [] []
[2022-01-18T09:17:16.579329+00:00] logger.INFO:    main page access (t.glasmacher@aol.com)  [] []
[2022-01-18T09:18:49.530033+00:00] logger.INFO:    user-logout      (t.glasmacher@aol.com)  [] []
[2022-01-18T09:18:49.580075+00:00] logger.INFO:    main page access (user not logged in)  [] []
[2022-01-18T09:19:22.657870+00:00] logger.INFO:    user-login       (t.glasmacher@aol.com)  [] []
[2022-01-18T09:19:22.693220+00:00] logger.INFO:    main page access (t.glasmacher@aol.com)  [] []
[2022-01-18T09:19:52.551564+00:00] logger.INFO:    main page access (t.glasmacher@aol.com)  [] []
[2022-01-18T09:19:59.109307+00:00] logger.INFO:    user-logout      (t.glasmacher@aol.com)  [] []
[2022-01-18T09:19:59.140046+00:00] logger.INFO:    main page access (user not logged in)  [] []
[2022-01-18T09:20:07.768554+00:00] logger.INFO:    main page access (user not logged in)  [] []
[2022-01-18T09:20:13.901725+00:00] logger.INFO:    user-login       (t.glasmacher@aol.com)  [] []
[2022-01-18T09:20:13.939217+00:00] logger.INFO:    main page access (t.glasmacher@aol.com)  [] []
[2022-01-18T09:21:38.203454+00:00] logger.INFO:    main page access (t.glasmacher@aol.com)  [] []
[2022-01-18T09:21:49.725592+00:00] logger.INFO:    main page access (t.glasmacher@aol.com)  [] []
[2022-01-18T09:22:18.287173+00:00] logger.INFO:    main page access (t.glasmacher@aol.com)  [] []
[2022-01-18T20:10:55.942072+00:00] logger.INFO:    main page access (t.glasmacher@aol.com)  [] []
[2022-01-18T20:17:32.117144+00:00] logger.INFO:    main page access (t.glasmacher@aol.com)  [] []
[2022-01-18T20:18:05.779207+00:00] logger.INFO:    main page access (t.glasmacher@aol.com)  [] []
[2022-01-18T20:20:48.207969+00:00] logger.INFO:    main page access (t.glasmacher@aol.com)  [] []
[2022-01-18T20:20:54.713160+00:00] logger.INFO:    main page access (t.glasmacher@aol.com)  [] []
[2022-02-07T13:30:02.306083+00:00] logger.INFO:    main page access (user not logged in)  [] []
[2022-02-07T13:31:07.271860+00:00] logger.INFO:    user-login       (t.glasmacher@aol.com)  [] []
[2022-02-07T13:31:07.331373+00:00] logger.INFO:    main page access (t.glasmacher@aol.com)  [] []
[2022-02-07T13:31:28.303651+00:00] logger.INFO:    main page access (t.glasmacher@aol.com)  [] []
[2022-02-07T13:31:42.722396+00:00] logger.INFO:    main page access (t.glasmacher@aol.com)  [] []
[2022-02-07T13:31:49.622546+00:00] logger.INFO:    main page access (t.glasmacher@aol.com)  [] []
[2022-02-07T13:31:54.789746+00:00] logger.INFO:    main page access (t.glasmacher@aol.com)  [] []
[2022-02-07T13:32:52.008003+00:00] logger.INFO:    main page access (t.glasmacher@aol.com)  [] []
[2022-02-07T13:34:17.850805+00:00] logger.INFO:    main page access (t.glasmacher@aol.com)  [] []
[2022-02-18T23:31:52.957486+00:00] logger.INFO:    main page access (user not logged in)  [] []
[2022-02-18T23:33:50.912175+00:00] logger.INFO:    main page access (user not logged in)  [] []
[2022-02-18T23:34:11.877643+00:00] logger.INFO:    main page access (user not logged in)  [] []
[2022-02-18T23:34:25.338259+00:00] logger.INFO:    main page access (user not logged in)  [] []
